[15:54:46.181] [INFO] storybook v10.4.6
[15:54:46.663] [DEBUG] Command "pnpm.cmd" not found, trying next variation...
[15:54:46.724] [DEBUG] Command "pnpm.exe" not found, trying next variation...
[15:54:46.775] [DEBUG] Command "pnpm.ps1" not found, trying next variation...
[15:54:47.133] [DEBUG] Getting package.json info for D:/github/sb-azure-devops/package.json...
[15:54:47.162] [ERROR] [38;2;241;97;97mSB_CORE-SERVER_0002 (CriticalPresetLoadError): Storybook failed to load the following preset: D:/github/sb-azure-devops/.storybook/main.ts.

Please check whether your setup is correct, the Storybook dependencies (and their peer dependencies) are installed correctly and there are no package version clashes.

If you believe this is a bug, please open an issue on Github.

SB_CORE-SERVER_0002 (CriticalPresetLoadError): Storybook failed to load the following preset: D:/github/sb-azure-devops/.storybook/local-preset.js.

Please check whether your setup is correct, the Storybook dependencies (and their peer dependencies) are installed correctly and there are no package version clashes.

If you believe this is a bug, please open an issue on Github.

ReferenceError: module is not defined in ES module scope
This file is being treated as an ES module because it has a '.js' file extension and '.\package.json' contains "type": "module". To treat it as a CommonJS script, rename it to use the '.cjs' file extension.
    at file:///D:/github/sb-azure-devops/.storybook/local-preset.js:12:1
    at ModuleJob.run (node:internal/modules/esm/module_job:271:25)
    at async onImport.tracePromise.__proto__ (node:internal/modules/esm/loader:547:26)
    at async importModule (file:///D:/github/sb-azure-devops/node_modules/storybook/dist/_node-chunks/chunk-ZDS4FBCU.js:737:11)
    at async loadPreset (file:///D:/github/sb-azure-devops/node_modules/storybook/dist/_node-chunks/chunk-6U2XPXR7.js:9101:72)
    at async Promise.all (index 1)
    at async loadPresets (file:///D:/github/sb-azure-devops/node_modules/storybook/dist/_node-chunks/chunk-6U2XPXR7.js:9145:73)
    at async loadPreset (file:///D:/github/sb-azure-devops/node_modules/storybook/dist/_node-chunks/chunk-6U2XPXR7.js:9119:12)
    at async Promise.all (index 1)
    at async loadPresets (file:///D:/github/sb-azure-devops/node_modules/storybook/dist/_node-chunks/chunk-6U2XPXR7.js:9145:73)

More info: 

    at loadPreset (file:///D:/github/sb-azure-devops/node_modules/storybook/dist/_node-chunks/chunk-6U2XPXR7.js:9136:13)
    at async Promise.all (index 1)
    at async loadPresets (file:///D:/github/sb-azure-devops/node_modules/storybook/dist/_node-chunks/chunk-6U2XPXR7.js:9145:73)
    at async loadPreset (file:///D:/github/sb-azure-devops/node_modules/storybook/dist/_node-chunks/chunk-6U2XPXR7.js:9119:12)
    at async Promise.all (index 1)
    at async loadPresets (file:///D:/github/sb-azure-devops/node_modules/storybook/dist/_node-chunks/chunk-6U2XPXR7.js:9145:73)
    at async getPresets (file:///D:/github/sb-azure-devops/node_modules/storybook/dist/_node-chunks/chunk-6U2XPXR7.js:9176:23)
    at async buildDevStandalone (file:///D:/github/sb-azure-devops/node_modules/storybook/dist/core-server/index.js:11991:52)
    at async withTelemetry (file:///D:/github/sb-azure-devops/node_modules/storybook/dist/_node-chunks/chunk-G7NXW2C2.js:650:12)
    at async dev (file:///D:/github/sb-azure-devops/node_modules/storybook/dist/bin/core.js:2735:3)

More info: 
[39m
    at loadPreset (file:///D:/github/sb-azure-devops/node_modules/storybook/dist/_node-chunks/chunk-6U2XPXR7.js:9136:13)
    at async Promise.all (index 1)
    at async loadPresets (file:///D:/github/sb-azure-devops/node_modules/storybook/dist/_node-chunks/chunk-6U2XPXR7.js:9145:73)
    at async getPresets (file:///D:/github/sb-azure-devops/node_modules/storybook/dist/_node-chunks/chunk-6U2XPXR7.js:9176:23)
    at async buildDevStandalone (file:///D:/github/sb-azure-devops/node_modules/storybook/dist/core-server/index.js:11991:52)
    at async withTelemetry (file:///D:/github/sb-azure-devops/node_modules/storybook/dist/_node-chunks/chunk-G7NXW2C2.js:650:12)
    at async dev (file:///D:/github/sb-azure-devops/node_modules/storybook/dist/bin/core.js:2735:3)
    at async _Command.<anonymous> (file:///D:/github/sb-azure-devops/node_modules/storybook/dist/bin/core.js:2805:92)
[15:54:47.172] [WARN] Broken build, fix the error above.
You may need to refresh the browser.
[15:54:47.178] [WARN]   Failed to load preset: {"type":"presets","name":"D:/github/sb-azure-devops/.storybook/local-preset.js"} on level 1
[15:54:47.178] [ERROR] [38;2;241;97;97mReferenceError: module is not defined in ES module scope
This file is being treated as an ES module because it has a '.js' file extension and '.\package.json' contains "type": "module". To treat it as a CommonJS script, rename it to use the '.cjs' file extension.[39m
    at file:///D:/github/sb-azure-devops/.storybook/local-preset.js:12:1
    at ModuleJob.run (node:internal/modules/esm/module_job:271:25)
    at async onImport.tracePromise.__proto__ (node:internal/modules/esm/loader:547:26)
    at async importModule (file:///D:/github/sb-azure-devops/node_modules/storybook/dist/_node-chunks/chunk-ZDS4FBCU.js:737:11)
    at async loadPreset (file:///D:/github/sb-azure-devops/node_modules/storybook/dist/_node-chunks/chunk-6U2XPXR7.js:9101:72)
    at async Promise.all (index 1)
    at async loadPresets (file:///D:/github/sb-azure-devops/node_modules/storybook/dist/_node-chunks/chunk-6U2XPXR7.js:9145:73)
    at async loadPreset (file:///D:/github/sb-azure-devops/node_modules/storybook/dist/_node-chunks/chunk-6U2XPXR7.js:9119:12)
    at async Promise.all (index 1)
    at async loadPresets (file:///D:/github/sb-azure-devops/node_modules/storybook/dist/_node-chunks/chunk-6U2XPXR7.js:9145:73)